<?xml version="1.0" encoding="UTF-8"?>
<testsuite name="Easy.MajorityElementTest" tests="1" skipped="0" failures="0" errors="0" timestamp="2023-04-21T11:37:15" hostname="DESKTOP-OTFKJGP" time="0.008">
  <properties/>
  <testcase name="test()" classname="Easy.MajorityElementTest" time="0.008"/>
  <system-out><![CDATA[]]></system-out>
  <system-err><![CDATA[]]></system-err>
</testsuite>
